[2018-06-06T14:31:26.402] [INFO] default - 定时主动预热paths时间: 10时 0分
[2018-06-06T14:32:02.391] [INFO] default - queryCommonInvestPath  from: 1011975012, to: 1012425713
[2018-06-06T14:32:02.403] [INFO] default - can not get the cache key: 1011975012-OutBound
[2018-06-06T14:32:02.506] [INFO] default - set the cache status: true
[2018-06-06T14:32:02.507] [INFO] default - can not get the cache key: 1012425713-InBound
[2018-06-06T14:32:02.521] [INFO] default - set the cache status: true
[2018-06-06T14:32:02.522] [INFO] default - can not get the cache key: 4-match p= (from:company{ITCode2: 1011975012})-[r1:invests|guarantees*..2]->()<-[r2:invests|guarantees*..2]-(to:company{ITCode2: 1012425713}) return p
[2018-06-06T14:32:03.258] [INFO] default - from: 1011975012 to: 1012425713 CommonInvestPathQueryCost: 735ms
[2018-06-06T14:32:03.259] [INFO] default - from: 1011975012 to: 1012425713 CommonInvestPathQueryCost: 735ms
[2018-06-06T14:32:03.281] [INFO] default - queryNamesCost:  15ms
[2018-06-06T14:32:03.284] [INFO] default - handlerPromiseCost: 24ms
[2018-06-06T14:32:03.286] [INFO] default - setSourceTargetCost: 1ms
[2018-06-06T14:32:03.287] [INFO] default - set the cache status: true
[2018-06-06T14:32:03.290] [INFO] default - warmUpPathToRedis, the key is: 1011975012-1012425713-4-4-all
[2018-06-06T14:32:03.291] [INFO] default - from: 1011975012 to: 1012425713 queryCommonInvestPath_totalQueryCost: 901ms
[2018-06-06T14:53:26.668] [INFO] default - 定时主动预热paths时间: 10时 0分
[2018-06-06T14:53:40.374] [INFO] default - queryInvestPath  from: 1012769556, to: 1005213985
[2018-06-06T14:53:40.382] [INFO] default - can not get the cache key: 1012769556-OutBound
[2018-06-06T14:53:40.467] [INFO] default - set the cache status: true
[2018-06-06T14:53:40.468] [INFO] default - can not get the cache key: 1005213985-InBound
[2018-06-06T14:53:40.482] [INFO] default - set the cache status: true
[2018-06-06T14:53:40.483] [INFO] default - can not get the cache key: match p= (from:company{ITCode2: 1012769556})-[r:invests|guarantees*..5]->(to:company{ITCode2: 1005213985}) return p
[2018-06-06T14:53:40.507] [INFO] default - from: 1012769556 to: 1005213985 InvestPathQueryCost: 23ms
[2018-06-06T14:53:40.538] [INFO] default - queryNamesCost:  12ms
[2018-06-06T14:53:40.539] [INFO] default - handlerPromiseCost: 31ms
[2018-06-06T14:53:40.540] [INFO] default - setSourceTargetCost: 0ms
[2018-06-06T14:53:40.541] [INFO] default - set the cache status: true
[2018-06-06T14:53:40.541] [INFO] default - from: 1012769556 to: 1005213985 queryInvestPath_totalQueryCost: 168ms
[2018-06-06T14:54:01.767] [INFO] default - queryInvestedByPath  from: 1011965887, to: 1012769556
[2018-06-06T14:54:01.775] [INFO] default - can not get the cache key: 1011965887-InBound
[2018-06-06T14:54:01.793] [INFO] default - set the cache status: true
[2018-06-06T14:54:01.794] [INFO] default - get the cache key: 1012769556-OutBound
[2018-06-06T14:54:01.796] [INFO] default - can not get the cache key: match p= (from:company{ITCode2: 1012769556})-[r:invests|guarantees*..5]->(to:company{ITCode2: 1011965887}) return p
[2018-06-06T14:54:01.839] [INFO] default - from: 1011965887 to: 1012769556 InvestedByPathQueryCost: 43ms
[2018-06-06T14:54:01.896] [INFO] default - queryNamesCost:  8ms
[2018-06-06T14:54:01.906] [INFO] default - queryNamesCost:  8ms
[2018-06-06T14:54:01.908] [INFO] default - handlerPromiseCost: 67ms
[2018-06-06T14:54:01.908] [INFO] default - setSourceTargetCost: 0ms
[2018-06-06T14:54:01.909] [INFO] default - set the cache status: true
[2018-06-06T14:54:01.909] [INFO] default - from: 1011965887 to: 1012769556 queryInvestedByPath_totalQueryCost: 143ms
[2018-06-06T14:54:15.669] [INFO] default - queryInvestPath  from: 1011975012, to: 1012425713
[2018-06-06T14:54:15.672] [INFO] default - can not get the cache key: match p= allShortestPaths((from:company{ITCode2: 1011975012})-[r:invests*]-(to:company{ITCode2: 1012425713})) where all(rel in r where rel.weight >= 0 and rel.weight <= 100) return p limit 10
[2018-06-06T14:54:15.691] [INFO] default - from: 1011975012 to: 1012425713 ShortestPathQueryCost: 18ms
[2018-06-06T14:54:15.705] [INFO] default - queryNamesCost:  10ms
[2018-06-06T14:54:15.706] [INFO] default - handlerPromiseCost: 12ms
[2018-06-06T14:54:15.707] [INFO] default - setSourceTargetCost: 0ms
[2018-06-06T14:54:15.709] [INFO] default - set the cache status: true
[2018-06-06T14:54:15.709] [INFO] default - from: 1011975012 to: 1012425713 queryShortestPath_totalQueryCost: 41ms
[2018-06-06T14:54:29.493] [INFO] default - queryCommonInvestPath  from: 1011975012, to: 1012425713
[2018-06-06T14:54:29.501] [INFO] default - can not get the cache key: 1011975012-OutBound
[2018-06-06T14:54:29.517] [INFO] default - set the cache status: true
[2018-06-06T14:54:29.518] [INFO] default - can not get the cache key: 1012425713-InBound
[2018-06-06T14:54:29.533] [INFO] default - set the cache status: true
[2018-06-06T14:54:29.534] [INFO] default - can not get the cache key: 4-match p= (from:company{ITCode2: 1011975012})-[r1:invests|guarantees*..2]->()<-[r2:invests|guarantees*..2]-(to:company{ITCode2: 1012425713}) return p
[2018-06-06T14:54:29.608] [INFO] default - from: 1011975012 to: 1012425713 CommonInvestPathQueryCost: 74ms
[2018-06-06T14:54:29.609] [INFO] default - from: 1011975012 to: 1012425713 CommonInvestPathQueryCost: 74ms
[2018-06-06T14:54:29.618] [INFO] default - queryNamesCost:  8ms
[2018-06-06T14:54:29.619] [INFO] default - handlerPromiseCost: 10ms
[2018-06-06T14:54:29.620] [INFO] default - setSourceTargetCost: 0ms
[2018-06-06T14:54:29.620] [INFO] default - set the cache status: true
[2018-06-06T14:54:29.620] [INFO] default - from: 1011975012 to: 1012425713 queryCommonInvestPath_totalQueryCost: 128ms
[2018-06-06T14:54:42.942] [INFO] default - queryCommonInvestedByPath  from: 1014277388, to: 1014327430
[2018-06-06T14:54:42.948] [INFO] default - can not get the cache key: 1014277388-InBound
[2018-06-06T14:54:42.966] [INFO] default - set the cache status: true
[2018-06-06T14:54:42.967] [INFO] default - can not get the cache key: 1014327430-OutBound
[2018-06-06T14:54:42.981] [INFO] default - set the cache status: true
[2018-06-06T14:54:42.981] [INFO] default - can not get the cache key: 5-match p= (from:company{ITCode2: 1014277388})<-[r1:invests|guarantees*..2]-()-[r2:invests|guarantees*..2]->(to:company{ITCode2: 1014327430}) return p
[2018-06-06T14:54:42.997] [INFO] default - from: 1014277388 to: 1014327430 CommonInvestedByPathQueryCost: 15ms
[2018-06-06T14:54:43.008] [INFO] default - queryNamesCost:  9ms
[2018-06-06T14:54:43.009] [INFO] default - handlerPromiseCost: 11ms
[2018-06-06T14:54:43.010] [INFO] default - setSourceTargetCost: 0ms
[2018-06-06T14:54:43.010] [INFO] default - set the cache status: true
[2018-06-06T14:54:43.010] [INFO] default - from: 1014277388 to: 1014327430 queryCommonInvestedByPath_totalQueryCost: 69ms
[2018-06-06T15:29:15.111] [INFO] default - 定时主动预热paths时间: 10时 0分
[2018-06-06T15:32:54.855] [INFO] default - queryInvestPath  from: 1012769556, to: 1005213985
[2018-06-06T15:32:54.866] [INFO] default - can not get the cache key: 1012769556-OutBound
[2018-06-06T15:32:54.945] [INFO] default - set the cache status: true
[2018-06-06T15:32:54.946] [INFO] default - can not get the cache key: 1005213985-InBound
[2018-06-06T15:32:54.959] [INFO] default - set the cache status: true
[2018-06-06T15:32:54.960] [INFO] default - can not get the cache key: match p= (from:company{ITCode2: 1012769556})-[r:invests|guarantees*..5]->(to:company{ITCode2: 1005213985}) return p
[2018-06-06T15:32:54.983] [INFO] default - from: 1012769556 to: 1005213985 InvestPathQueryCost: 23ms
[2018-06-06T15:32:55.016] [INFO] default - queryNamesCost:  11ms
[2018-06-06T15:32:55.019] [INFO] default - handlerPromiseCost: 33ms
[2018-06-06T15:32:55.020] [INFO] default - setSourceTargetCost: 0ms
[2018-06-06T15:32:55.021] [INFO] default - set the cache status: true
[2018-06-06T15:32:55.021] [INFO] default - from: 1012769556 to: 1005213985 queryInvestPath_totalQueryCost: 168ms
[2018-06-06T15:37:36.034] [INFO] default - queryInvestPath  from: P001496165, to: 1026683262
[2018-06-06T15:38:36.950] [INFO] default - can not get the cache key: 1496165-OutBound
[2018-06-06T15:38:36.986] [INFO] default - set the cache status: true
[2018-06-06T15:38:36.988] [INFO] default - can not get the cache key: 1026683262-InBound
[2018-06-06T15:38:37.029] [INFO] default - set the cache status: true
[2018-06-06T15:38:37.030] [INFO] default - can not get the cache key: match p= (from:company{ITCode2: 1496165})-[r:invests|guarantees*..5]->(to:company{ITCode2: 1026683262}) return p
[2018-06-06T15:38:37.066] [INFO] default - from: 1496165 to: 1026683262 InvestPathQueryCost: 35ms
[2018-06-06T15:38:37.069] [INFO] default - handlerPromiseCost: 0ms
[2018-06-06T15:38:37.069] [INFO] default - setSourceTargetCost: 0ms
[2018-06-06T15:38:37.070] [INFO] default - set the cache status: true
[2018-06-06T15:38:37.071] [INFO] default - from: 1496165 to: 1026683262 queryInvestPath_totalQueryCost: 61037ms
[2018-06-06T15:40:45.796] [INFO] default - 定时主动预热paths时间: 10时 0分
[2018-06-06T15:40:55.107] [INFO] default - queryInvestPath  from: P001496165, to: 1026683262
[2018-06-06T15:40:55.119] [INFO] default - can not get the cache key: 1496165-OutBound
[2018-06-06T15:40:55.207] [INFO] default - set the cache status: true
[2018-06-06T15:40:55.208] [INFO] default - can not get the cache key: 1026683262-InBound
[2018-06-06T15:40:55.223] [INFO] default - set the cache status: true
[2018-06-06T15:40:55.224] [INFO] default - can not get the cache key: match p= (from:company{ITCode2: 1496165})-[r:invests|guarantees*..5]->(to:company{ITCode2: 1026683262}) return p
[2018-06-06T15:40:55.239] [INFO] default - from: 1496165 to: 1026683262 InvestPathQueryCost: 15ms
[2018-06-06T15:40:55.243] [INFO] default - handlerPromiseCost: 3ms
[2018-06-06T15:40:55.244] [INFO] default - setSourceTargetCost: 1ms
[2018-06-06T15:40:55.245] [INFO] default - set the cache status: true
[2018-06-06T15:40:55.245] [INFO] default - from: P001496165 to: 1026683262 queryInvestPath_totalQueryCost: 140ms
[2018-06-06T15:41:29.789] [INFO] default - 定时主动预热paths时间: 10时 0分
[2018-06-06T15:45:46.734] [INFO] default - 定时主动预热paths时间: 10时 0分
[2018-06-06T15:45:51.949] [INFO] default - queryInvestPath  from: P001496165, to: 1026683262
[2018-06-06T15:46:13.026] [INFO] default - can not get the cache key: 1496165-OutBound
[2018-06-06T15:46:13.111] [INFO] default - set the cache status: true
[2018-06-06T15:46:13.113] [INFO] default - can not get the cache key: 1026683262-InBound
[2018-06-06T15:46:13.125] [INFO] default - set the cache status: true
[2018-06-06T15:46:13.126] [INFO] default - can not get the cache key: match p= (from:company{ITCode2: 1496165})-[r:invests|guarantees*..5]->(to:company{ITCode2: 1026683262}) return p
[2018-06-06T15:46:20.856] [INFO] default - from: 1496165 to: 1026683262 InvestPathQueryCost: 7730ms
[2018-06-06T15:46:54.424] [INFO] default - 定时主动预热paths时间: 10时 0分
[2018-06-06T15:47:06.948] [INFO] default - queryInvestPath  from: P001496165, to: 1026683262
[2018-06-06T15:47:22.080] [INFO] default - can not get the cache key: 1496165-OutBound
[2018-06-06T15:47:22.173] [INFO] default - set the cache status: true
[2018-06-06T15:47:22.174] [INFO] default - can not get the cache key: 1026683262-InBound
[2018-06-06T15:47:22.190] [INFO] default - set the cache status: true
[2018-06-06T15:47:22.191] [INFO] default - can not get the cache key: match p= (from:company{ITCode2: 1496165})-[r:invests|guarantees*..5]->(to:company{ITCode2: 1026683262}) return p
[2018-06-06T15:47:50.478] [INFO] default - from: 1496165 to: 1026683262 InvestPathQueryCost: 28287ms
[2018-06-06T16:11:09.706] [INFO] default - 定时主动预热paths时间: 10时 0分
[2018-06-06T16:11:26.874] [INFO] default - queryInvestPath  from: P001496165, to: 1026683262
[2018-06-06T16:11:30.039] [INFO] default - can not get the cache key: 1496165-OutBound
[2018-06-06T16:11:30.129] [INFO] default - set the cache status: true
[2018-06-06T16:11:30.131] [INFO] default - can not get the cache key: 1026683262-InBound
[2018-06-06T16:11:30.148] [INFO] default - set the cache status: true
[2018-06-06T16:11:30.148] [INFO] default - can not get the cache key: match p= (from:company{ITCode2: 1496165})-[r:invests|guarantees*..5]->(to:company{ITCode2: 1026683262}) return p
[2018-06-06T16:11:31.759] [INFO] default - from: 1496165 to: 1026683262 InvestPathQueryCost: 1610ms
[2018-06-06T16:24:20.254] [INFO] default - 定时主动预热paths时间: 10时 0分
[2018-06-06T16:24:26.115] [INFO] default - queryInvestPath  from: P001496165, to: 1026683262
[2018-06-06T16:24:26.125] [INFO] default - can not get the cache key: 1496165-OutBound
[2018-06-06T16:24:26.202] [INFO] default - set the cache status: true
[2018-06-06T16:24:26.203] [INFO] default - can not get the cache key: 1026683262-InBound
[2018-06-06T16:24:26.221] [INFO] default - set the cache status: true
[2018-06-06T16:24:26.222] [INFO] default - can not get the cache key: match p= (from:company{ITCode2: 1496165})-[r:invests|guarantees*..5]->(to:company{ITCode2: 1026683262}) return p
[2018-06-06T16:24:26.239] [INFO] default - from: 1496165 to: 1026683262 InvestPathQueryCost: 17ms
[2018-06-06T16:24:26.254] [INFO] default - queryNamesCost:  10ms
[2018-06-06T16:24:26.255] [INFO] default - handlerPromiseCost: 15ms
[2018-06-06T16:24:26.256] [INFO] default - setSourceTargetCost: 1ms
[2018-06-06T16:24:26.257] [INFO] default - set the cache status: true
[2018-06-06T16:24:26.257] [INFO] default - from: P001496165 to: 1026683262 queryInvestPath_totalQueryCost: 143ms
[2018-06-06T16:25:18.194] [INFO] default - queryInvestPath  from: 1012174898, to: 1012200773
[2018-06-06T16:25:18.200] [INFO] default - can not get the cache key: 1012174898-OutBound
[2018-06-06T16:25:18.215] [INFO] default - set the cache status: true
[2018-06-06T16:25:18.216] [INFO] default - can not get the cache key: 1012200773-InBound
[2018-06-06T16:25:18.230] [INFO] default - set the cache status: true
[2018-06-06T16:25:18.231] [INFO] default - can not get the cache key: match p= (from:company{ITCode2: 1012174898})-[r:invests|guarantees*..5]->(to:company{ITCode2: 1012200773}) return p
[2018-06-06T16:25:18.255] [INFO] default - from: 1012174898 to: 1012200773 InvestPathQueryCost: 23ms
[2018-06-06T16:25:18.268] [INFO] default - queryNamesCost:  8ms
[2018-06-06T16:25:18.277] [INFO] default - queryNamesCost:  8ms
[2018-06-06T16:25:18.278] [INFO] default - handlerPromiseCost: 22ms
[2018-06-06T16:25:18.279] [INFO] default - setSourceTargetCost: 0ms
[2018-06-06T16:25:18.279] [INFO] default - set the cache status: true
[2018-06-06T16:25:18.280] [INFO] default - from: 1012174898 to: 1012200773 queryInvestPath_totalQueryCost: 87ms
[2018-06-06T16:37:23.551] [INFO] default - 定时主动预热paths时间: 10时 0分
[2018-06-06T16:38:44.255] [INFO] default - queryInvestedByPath  from: 1011932689, to: P001504592
[2018-06-06T16:38:44.262] [INFO] default - can not get the cache key: 1011932689-InBound
[2018-06-06T16:38:44.342] [INFO] default - set the cache status: true
[2018-06-06T16:38:44.345] [INFO] default - can not get the cache key: 1504592-OutBound
[2018-06-06T16:38:44.365] [INFO] default - set the cache status: true
[2018-06-06T16:38:44.366] [INFO] default - can not get the cache key: match p= (from:company{ITCode2: 1011932689})<-[r:invests|guarantees*..5]-(to:company{ITCode2: 1504592}) return p
[2018-06-06T16:38:44.381] [INFO] default - from: 1011932689 to: 1504592 InvestedByPathQueryCost: 14ms
[2018-06-06T16:38:44.385] [INFO] default - handlerPromiseCost: 2ms
[2018-06-06T16:38:44.385] [INFO] default - setSourceTargetCost: 0ms
[2018-06-06T16:38:44.386] [INFO] default - set the cache status: true
[2018-06-06T16:38:44.387] [INFO] default - from: 1011932689 to: P001504592 queryInvestedByPath_totalQueryCost: 132ms
[2018-06-06T16:40:09.635] [INFO] default - 定时主动预热paths时间: 10时 0分
[2018-06-06T16:40:13.843] [INFO] default - queryInvestedByPath  from: 1011932689, to: P001504592
[2018-06-06T16:40:18.570] [INFO] default - can not get the cache key: 1011932689-InBound
[2018-06-06T16:40:18.663] [INFO] default - set the cache status: true
[2018-06-06T16:40:18.664] [INFO] default - can not get the cache key: 1504592-OutBound
[2018-06-06T16:40:18.674] [INFO] default - set the cache status: true
[2018-06-06T16:40:18.675] [INFO] default - can not get the cache key: match p= (from:company{ITCode2: 1011932689})<-[r:invests|guarantees*..5]-(to:company{ITCode2: 1504592}) return p
[2018-06-06T16:40:24.813] [INFO] default - from: 1011932689 to: 1504592 InvestedByPathQueryCost: 6137ms
[2018-06-06T16:41:32.098] [INFO] default - 定时主动预热paths时间: 10时 0分
[2018-06-06T16:41:36.917] [INFO] default - queryInvestedByPath  from: 1011932689, to: P001504592
[2018-06-06T16:41:36.924] [INFO] default - can not get the cache key: 1011932689-InBound
[2018-06-06T16:41:37.000] [INFO] default - set the cache status: true
[2018-06-06T16:41:37.001] [INFO] default - can not get the cache key: 1504592-OutBound
[2018-06-06T16:41:37.014] [INFO] default - set the cache status: true
[2018-06-06T16:41:37.015] [INFO] default - can not get the cache key: match p= (from:company{ITCode2: 1011932689})<-[r:invests|guarantees*..5]-(to:company{ITCode2: 1504592}) return p
[2018-06-06T16:41:37.028] [INFO] default - from: 1011932689 to: 1504592 InvestedByPathQueryCost: 13ms
[2018-06-06T16:41:37.042] [INFO] default - queryNamesCost:  11ms
[2018-06-06T16:41:37.043] [INFO] default - handlerPromiseCost: 14ms
[2018-06-06T16:41:37.044] [INFO] default - setSourceTargetCost: 0ms
[2018-06-06T16:41:37.045] [INFO] default - set the cache status: true
[2018-06-06T16:41:37.045] [INFO] default - from: 1011932689 to: P001504592 queryInvestedByPath_totalQueryCost: 129ms
[2018-06-06T16:42:43.961] [INFO] default - queryInvestPath  from: P001550577, to: 1014277388
[2018-06-06T16:42:43.964] [INFO] default - can not get the cache key: match p= allShortestPaths((from:company{ITCode2: 1550577})-[r:invests|guarantees*]-(to:company{ITCode2: 1014277388})) return p limit 10
[2018-06-06T16:42:43.995] [INFO] default - from: 1550577 to: 1014277388 ShortestPathQueryCost: 30ms
[2018-06-06T16:42:44.004] [INFO] default - queryNamesCost:  6ms
[2018-06-06T16:42:44.006] [INFO] default - handlerPromiseCost: 9ms
[2018-06-06T16:42:44.007] [INFO] default - setSourceTargetCost: 0ms
[2018-06-06T16:42:44.008] [INFO] default - set the cache status: true
[2018-06-06T16:42:44.009] [INFO] default - from: P001550577 to: 1014277388 queryShortestPath_totalQueryCost: 49ms
[2018-06-06T16:44:00.124] [INFO] default - queryCommonInvestPath  from: 1008553484, to: 1002217569
[2018-06-06T16:44:00.130] [INFO] default - can not get the cache key: 1008553484-OutBound
[2018-06-06T16:44:00.142] [INFO] default - set the cache status: true
[2018-06-06T16:44:00.144] [INFO] default - can not get the cache key: 1002217569-InBound
[2018-06-06T16:44:00.154] [INFO] default - set the cache status: true
[2018-06-06T16:44:00.155] [INFO] default - can not get the cache key: 4-match p= (from:company{ITCode2: 1002217569})-[r1:invests|guarantees*..2]->()<-[r2:invests|guarantees*..2]-(to:company{ITCode2: 1008553484}) return p
[2018-06-06T16:44:00.166] [INFO] default - from: 1008553484 to: 1002217569 CommonInvestPathQueryCost: 10ms
[2018-06-06T16:44:00.167] [INFO] default - from: 1008553484 to: 1002217569 queryCommonInvestPath_totalQueryCost: 44ms
[2018-06-06T16:45:01.421] [INFO] default - queryCommonInvestedByPath  from: 1008553484, to: 1002217569
[2018-06-06T16:45:01.429] [INFO] default - can not get the cache key: 1008553484-InBound
[2018-06-06T16:45:01.443] [INFO] default - set the cache status: true
[2018-06-06T16:45:01.445] [INFO] default - can not get the cache key: 1002217569-OutBound
[2018-06-06T16:45:01.459] [INFO] default - set the cache status: true
[2018-06-06T16:45:01.460] [INFO] default - can not get the cache key: 5-match p= (from:company{ITCode2: 1008553484})<-[r1:invests|guarantees*..2]-()-[r2:invests|guarantees*..2]->(to:company{ITCode2: 1002217569}) return p
[2018-06-06T16:45:01.480] [INFO] default - from: 1008553484 to: 1002217569 CommonInvestedByPathQueryCost: 20ms
[2018-06-06T16:45:01.482] [INFO] default - from: 1008553484 to: 1002217569 queryCommonInvestedByPath_totalQueryCost: 63ms
[2018-06-06T16:46:00.399] [INFO] default - queryCommonInvestedByPath  from: 1002217569, to: 1018812613
[2018-06-06T16:46:00.408] [INFO] default - get the cache key: 1002217569-InBound
[2018-06-06T16:46:00.410] [INFO] default - can not get the cache key: 1018812613-OutBound
[2018-06-06T16:46:00.427] [INFO] default - set the cache status: true
[2018-06-06T16:46:00.429] [INFO] default - can not get the cache key: 5-match p= (from:company{ITCode2: 1002217569})<-[r1:invests|guarantees*..2]-()-[r2:invests|guarantees*..2]->(to:company{ITCode2: 1018812613}) return p
[2018-06-06T16:46:00.448] [INFO] default - from: 1002217569 to: 1018812613 CommonInvestedByPathQueryCost: 19ms
[2018-06-06T16:46:00.458] [INFO] default - queryNamesCost:  6ms
[2018-06-06T16:46:00.461] [INFO] default - handlerPromiseCost: 10ms
[2018-06-06T16:46:00.462] [INFO] default - setSourceTargetCost: 0ms
[2018-06-06T16:46:00.462] [INFO] default - set the cache status: true
[2018-06-06T16:46:00.463] [INFO] default - from: 1002217569 to: 1018812613 queryCommonInvestedByPath_totalQueryCost: 66ms
[2018-06-06T16:46:25.634] [ERROR] default - from can not be same as to!
[2018-06-06T16:46:33.195] [INFO] default - queryCommonInvestedByPath  from: 1002217569, to: 1011932689
[2018-06-06T16:46:33.201] [INFO] default - get the cache key: 1002217569-InBound
[2018-06-06T16:46:33.202] [INFO] default - can not get the cache key: 1011932689-OutBound
[2018-06-06T16:46:33.215] [INFO] default - set the cache status: true
[2018-06-06T16:46:33.217] [INFO] default - can not get the cache key: 5-match p= (from:company{ITCode2: 1002217569})<-[r1:invests|guarantees*..2]-()-[r2:invests|guarantees*..2]->(to:company{ITCode2: 1011932689}) return p
[2018-06-06T16:46:33.232] [INFO] default - from: 1002217569 to: 1011932689 CommonInvestedByPathQueryCost: 15ms
[2018-06-06T16:46:33.233] [INFO] default - from: 1002217569 to: 1011932689 queryCommonInvestedByPath_totalQueryCost: 39ms
[2018-06-06T16:46:54.237] [INFO] default - queryCommonInvestedByPath  from: 1002217569, to: 1011932689
[2018-06-06T16:46:54.245] [INFO] default - get the cache key: 1002217569-InBound
[2018-06-06T16:46:54.247] [INFO] default - get the cache key: 1011932689-OutBound
[2018-06-06T16:46:54.248] [INFO] default - can not get the cache key: 5-match p= (from:company{ITCode2: 1002217569})<-[r1:invests|guarantees*..2]-()-[r2:invests|guarantees*..2]->(to:company{ITCode2: 1011932689}) return p
[2018-06-06T16:46:54.258] [INFO] default - from: 1002217569 to: 1011932689 CommonInvestedByPathQueryCost: 9ms
[2018-06-06T16:46:54.259] [INFO] default - from: 1002217569 to: 1011932689 queryCommonInvestedByPath_totalQueryCost: 23ms
[2018-06-06T16:47:06.446] [INFO] default - 定时主动预热paths时间: 10时 0分
[2018-06-06T16:47:10.552] [INFO] default - queryCommonInvestedByPath  from: 1002217569, to: 1011932689
[2018-06-06T16:47:10.560] [INFO] default - can not get the cache key: 1002217569-InBound
[2018-06-06T16:47:10.634] [INFO] default - set the cache status: true
[2018-06-06T16:47:10.635] [INFO] default - can not get the cache key: 1011932689-OutBound
[2018-06-06T16:47:10.644] [INFO] default - set the cache status: true
[2018-06-06T16:47:10.645] [INFO] default - can not get the cache key: 5-match p= (from:company{ITCode2: 1002217569})<-[r1:invests|guarantees*..2]-()-[r2:invests|guarantees*..2]->(to:company{ITCode2: 1011932689}) return p
[2018-06-06T16:47:10.657] [INFO] default - from: 1002217569 to: 1011932689 CommonInvestedByPathQueryCost: 11ms
[2018-06-06T16:47:10.658] [INFO] default - from: 1002217569 to: 1011932689 queryCommonInvestedByPath_totalQueryCost: 107ms
[2018-06-06T16:52:33.843] [INFO] default - 定时主动预热paths时间: 10时 0分
[2018-06-06T16:54:01.798] [INFO] default - queryCommonInvestedByPath  from: 1002217569, to: 1011932689
[2018-06-06T16:54:01.810] [INFO] default - can not get the cache key: 1002217569-InBound
[2018-06-06T16:54:01.880] [INFO] default - set the cache status: true
[2018-06-06T16:54:01.882] [INFO] default - can not get the cache key: 1011932689-OutBound
[2018-06-06T16:54:01.899] [INFO] default - set the cache status: true
[2018-06-06T16:54:01.900] [INFO] default - can not get the cache key: 5-match p= (from:company{ITCode2: 1002217569})<-[r1:invests|guarantees*..2]-()-[r2:invests|guarantees*..2]->(to:company{ITCode2: 1011932689}) return p
[2018-06-06T16:54:01.913] [INFO] default - from: 1002217569 to: 1011932689 CommonInvestedByPathQueryCost: 13ms
[2018-06-06T16:54:01.914] [INFO] default - from: 1002217569 to: 1011932689 queryCommonInvestedByPath_totalQueryCost: 117ms
[2018-06-06T16:54:08.761] [INFO] default - queryCommonInvestPath  from: 1008553484, to: 1002217569
[2018-06-06T16:54:08.769] [INFO] default - can not get the cache key: 1008553484-OutBound
[2018-06-06T16:54:08.781] [INFO] default - set the cache status: true
[2018-06-06T16:54:08.782] [INFO] default - get the cache key: 1002217569-InBound
[2018-06-06T16:54:08.783] [INFO] default - can not get the cache key: 4-match p= (from:company{ITCode2: 1002217569})-[r1:invests|guarantees*..2]->()<-[r2:invests|guarantees*..2]-(to:company{ITCode2: 1008553484}) return p
[2018-06-06T16:54:08.798] [INFO] default - from: 1008553484 to: 1002217569 CommonInvestPathQueryCost: 15ms
[2018-06-06T16:54:08.799] [INFO] default - from: 1008553484 to: 1002217569 queryCommonInvestPath_totalQueryCost: 39ms
[2018-06-06T16:54:24.753] [INFO] default - queryInvestPath  from: P001496165, to: 1026683262
[2018-06-06T16:54:24.762] [INFO] default - can not get the cache key: 1496165-OutBound
[2018-06-06T16:54:24.773] [INFO] default - set the cache status: true
[2018-06-06T16:54:24.774] [INFO] default - can not get the cache key: 1026683262-InBound
[2018-06-06T16:54:24.785] [INFO] default - set the cache status: true
[2018-06-06T16:54:24.786] [INFO] default - can not get the cache key: match p= (from:company{ITCode2: 1496165})-[r:invests|guarantees*..5]->(to:company{ITCode2: 1026683262}) return p
[2018-06-06T16:54:24.800] [INFO] default - from: 1496165 to: 1026683262 InvestPathQueryCost: 14ms
[2018-06-06T16:54:24.816] [INFO] default - queryNamesCost:  11ms
[2018-06-06T16:54:24.817] [INFO] default - handlerPromiseCost: 16ms
[2018-06-06T16:54:24.818] [INFO] default - setSourceTargetCost: 0ms
[2018-06-06T16:54:24.818] [INFO] default - set the cache status: true
[2018-06-06T16:54:24.819] [INFO] default - from: P001496165 to: 1026683262 queryInvestPath_totalQueryCost: 67ms
[2018-06-06T16:54:54.868] [INFO] default - queryInvestPath  from: P0014961651, to: 1026683262
[2018-06-06T16:54:54.881] [INFO] default - can not get the cache key: 14961651-OutBound
[2018-06-06T16:54:54.894] [INFO] default - set the cache status: true
[2018-06-06T16:54:54.896] [INFO] default - get the cache key: 1026683262-InBound
[2018-06-06T16:54:54.897] [INFO] default - can not get the cache key: match p= (from:company{ITCode2: 1026683262})<-[r:invests|guarantees*..5]-(to:company{ITCode2: 14961651}) return p
[2018-06-06T16:54:54.910] [INFO] default - from: 14961651 to: 1026683262 InvestPathQueryCost: 13ms
[2018-06-06T16:54:54.911] [INFO] default - from: P0014961651 to: 1026683262 queryInvestPath_totalQueryCost: 45ms
[2018-06-06T16:55:03.292] [INFO] default - queryInvestPath  from: P001496165, to: 1026683262
[2018-06-06T16:55:03.300] [INFO] default - get the cache key: 1496165-OutBound
[2018-06-06T16:55:03.301] [INFO] default - get the cache key: 1026683262-InBound
[2018-06-06T16:55:03.302] [INFO] default - get the cache key: match p= (from:company{ITCode2: 1496165})-[r:invests|guarantees*..5]->(to:company{ITCode2: 1026683262}) return p
[2018-06-06T16:55:03.302] [INFO] default - from: P001496165 to: 1026683262 queryInvestPath_totalQueryCost: 12ms
[2018-06-06T17:56:08.168] [INFO] default - 定时主动预热paths时间: 10时 0分
[2018-06-06T17:56:16.871] [INFO] default - queryCommonInvestPath  from: 1011809874, to: 1012045990
[2018-06-06T17:56:16.878] [INFO] default - can not get the cache key: 1011809874-OutBound
[2018-06-06T17:56:16.990] [INFO] default - set the cache status: true
[2018-06-06T17:56:16.992] [INFO] default - can not get the cache key: 1012045990-InBound
[2018-06-06T17:56:17.007] [INFO] default - set the cache status: true
[2018-06-06T17:56:17.009] [INFO] default - can not get the cache key: 4-match p= (from:company{ITCode2: 1011809874})-[r1:invests|guarantees*..2]->()<-[r2:invests|guarantees*..2]-(to:company{ITCode2: 1012045990}) return p
[2018-06-06T17:56:17.047] [INFO] default - from: 1011809874 to: 1012045990 CommonInvestPathQueryCost: 38ms
[2018-06-06T17:56:17.050] [INFO] default - from: 1011809874 to: 1012045990 CommonInvestPathQueryCost: 38ms
[2018-06-06T17:56:17.068] [INFO] default - handlerPromiseCost: 16ms
[2018-06-06T17:56:17.069] [INFO] default - setSourceTargetCost: 0ms
[2018-06-06T17:56:17.070] [INFO] default - set the cache status: true
[2018-06-06T17:56:17.070] [INFO] default - from: 1011809874 to: 1012045990 queryCommonInvestPath_totalQueryCost: 201ms
[2018-06-06T17:56:33.157] [INFO] default - queryCommonInvestedByPath  from: 1002217569, to: 1011932689
[2018-06-06T17:56:33.170] [INFO] default - can not get the cache key: 1002217569-InBound
[2018-06-06T17:56:33.180] [INFO] default - set the cache status: true
[2018-06-06T17:56:33.181] [INFO] default - can not get the cache key: 1011932689-OutBound
[2018-06-06T17:56:33.194] [INFO] default - set the cache status: true
[2018-06-06T17:56:33.195] [INFO] default - can not get the cache key: 5-match p= (from:company{ITCode2: 1002217569})<-[r1:invests|guarantees*..2]-()-[r2:invests|guarantees*..2]->(to:company{ITCode2: 1011932689}) return p
[2018-06-06T17:56:33.209] [INFO] default - from: 1002217569 to: 1011932689 CommonInvestedByPathQueryCost: 14ms
[2018-06-06T17:56:33.210] [INFO] default - from: 1002217569 to: 1011932689 queryCommonInvestedByPath_totalQueryCost: 54ms
[2018-06-06T17:56:44.494] [INFO] default - queryCommonInvestedByPath  from: 1031288656, to: 1011975012
[2018-06-06T17:56:44.499] [INFO] default - can not get the cache key: 1031288656-InBound
[2018-06-06T17:56:44.510] [INFO] default - set the cache status: true
[2018-06-06T17:56:44.511] [INFO] default - can not get the cache key: 1011975012-OutBound
[2018-06-06T17:56:44.524] [INFO] default - set the cache status: true
[2018-06-06T17:56:44.525] [INFO] default - can not get the cache key: 5-match p= (from:company{ITCode2: 1011975012})<-[r1:invests|guarantees*..2]-()-[r2:invests|guarantees*..2]->(to:company{ITCode2: 1031288656}) return p
[2018-06-06T17:56:44.560] [INFO] default - from: 1031288656 to: 1011975012 CommonInvestedByPathQueryCost: 35ms
[2018-06-06T17:56:44.565] [INFO] default - handlerPromiseCost: 5ms
[2018-06-06T17:56:44.566] [INFO] default - setSourceTargetCost: 0ms
[2018-06-06T17:56:44.567] [INFO] default - set the cache status: true
[2018-06-06T17:56:44.567] [INFO] default - from: 1031288656 to: 1011975012 queryCommonInvestedByPath_totalQueryCost: 74ms
[2018-06-06T17:57:32.804] [INFO] default - queryCommonInvestPath  from: 1011975012, to: 1012425713
[2018-06-06T17:57:32.810] [INFO] default - get the cache key: 1011975012-OutBound
[2018-06-06T17:57:32.812] [INFO] default - can not get the cache key: 1012425713-InBound
[2018-06-06T17:57:32.827] [INFO] default - set the cache status: true
[2018-06-06T17:57:32.829] [INFO] default - can not get the cache key: 4-match p= (from:company{ITCode2: 1011975012})-[r1:invests|guarantees*..2]->()<-[r2:invests|guarantees*..2]-(to:company{ITCode2: 1012425713}) return p
[2018-06-06T17:57:32.888] [INFO] default - from: 1011975012 to: 1012425713 CommonInvestPathQueryCost: 59ms
[2018-06-06T17:57:32.889] [INFO] default - from: 1011975012 to: 1012425713 CommonInvestPathQueryCost: 59ms
[2018-06-06T17:57:32.903] [INFO] default - queryNamesCost:  13ms
[2018-06-06T17:57:32.904] [INFO] default - handlerPromiseCost: 14ms
[2018-06-06T17:57:32.905] [INFO] default - setSourceTargetCost: 0ms
[2018-06-06T17:57:32.906] [INFO] default - set the cache status: true
[2018-06-06T17:57:32.906] [INFO] default - from: 1011975012 to: 1012425713 queryCommonInvestPath_totalQueryCost: 104ms
[2018-06-06T17:57:57.150] [INFO] default - queryCommonInvestedByPath  from: 1014277388, to: 1014327430
[2018-06-06T17:57:57.157] [INFO] default - can not get the cache key: 1014277388-InBound
[2018-06-06T17:57:57.170] [INFO] default - set the cache status: true
[2018-06-06T17:57:57.170] [INFO] default - can not get the cache key: 1014327430-OutBound
[2018-06-06T17:57:57.181] [INFO] default - set the cache status: true
[2018-06-06T17:57:57.182] [INFO] default - can not get the cache key: 5-match p= (from:company{ITCode2: 1014277388})<-[r1:invests|guarantees*..2]-()-[r2:invests|guarantees*..2]->(to:company{ITCode2: 1014327430}) return p
[2018-06-06T17:57:57.196] [INFO] default - from: 1014277388 to: 1014327430 CommonInvestedByPathQueryCost: 14ms
[2018-06-06T17:57:57.198] [INFO] default - handlerPromiseCost: 2ms
[2018-06-06T17:57:57.199] [INFO] default - setSourceTargetCost: 0ms
[2018-06-06T17:57:57.200] [INFO] default - set the cache status: true
[2018-06-06T17:57:57.200] [INFO] default - from: 1014277388 to: 1014327430 queryCommonInvestedByPath_totalQueryCost: 51ms
[2018-06-06T17:58:38.759] [INFO] default - 定时主动预热paths时间: 10时 0分
[2018-06-06T17:58:48.403] [INFO] default - queryCommonInvestedByPath  from: 1014277388, to: 1014327430
[2018-06-06T17:58:48.410] [INFO] default - can not get the cache key: 1014277388-InBound
[2018-06-06T17:58:48.480] [INFO] default - set the cache status: true
[2018-06-06T17:58:48.480] [INFO] default - can not get the cache key: 1014327430-OutBound
[2018-06-06T17:58:48.492] [INFO] default - set the cache status: true
[2018-06-06T17:58:48.493] [INFO] default - can not get the cache key: 5-match p= (from:company{ITCode2: 1014277388})<-[r1:invests|guarantees*..2]-()-[r2:invests|guarantees*..2]->(to:company{ITCode2: 1014327430}) return p
[2018-06-06T17:58:48.507] [INFO] default - from: 1014277388 to: 1014327430 CommonInvestedByPathQueryCost: 14ms
[2018-06-06T17:58:48.513] [INFO] default - handlerPromiseCost: 5ms
[2018-06-06T17:58:48.514] [INFO] default - setSourceTargetCost: 1ms
[2018-06-06T17:58:48.515] [INFO] default - set the cache status: true
[2018-06-06T17:58:48.515] [INFO] default - from: 1014277388 to: 1014327430 queryCommonInvestedByPath_totalQueryCost: 113ms
[2018-06-06T17:59:16.645] [INFO] default - 定时主动预热paths时间: 10时 0分
[2018-06-06T17:59:20.197] [INFO] default - queryCommonInvestedByPath  from: 1014277388, to: 1014327430
[2018-06-06T17:59:27.504] [INFO] default - can not get the cache key: 1014277388-InBound
[2018-06-06T17:59:27.578] [INFO] default - set the cache status: true
[2018-06-06T17:59:27.579] [INFO] default - can not get the cache key: 1014327430-OutBound
[2018-06-06T17:59:27.591] [INFO] default - set the cache status: true
[2018-06-06T17:59:27.592] [INFO] default - can not get the cache key: 5-match p= (from:company{ITCode2: 1014277388})<-[r1:invests|guarantees*..2]-()-[r2:invests|guarantees*..2]->(to:company{ITCode2: 1014327430}) return p
[2018-06-06T17:59:27.603] [INFO] default - from: 1014277388 to: 1014327430 CommonInvestedByPathQueryCost: 11ms
[2018-06-06T18:02:12.525] [INFO] default - 定时主动预热paths时间: 10时 0分
[2018-06-06T18:02:18.399] [INFO] default - queryCommonInvestedByPath  from: 1014277388, to: 1014327430
[2018-06-06T18:02:22.065] [INFO] default - can not get the cache key: 1014277388-InBound
[2018-06-06T18:02:22.144] [INFO] default - set the cache status: true
[2018-06-06T18:02:22.145] [INFO] default - can not get the cache key: 1014327430-OutBound
[2018-06-06T18:02:22.156] [INFO] default - set the cache status: true
[2018-06-06T18:02:22.157] [INFO] default - can not get the cache key: 5-match p= (from:company{ITCode2: 1014277388})<-[r1:invests|guarantees*..2]-()-[r2:invests|guarantees*..2]->(to:company{ITCode2: 1014327430}) return p
[2018-06-06T18:02:22.172] [INFO] default - from: 1014277388 to: 1014327430 CommonInvestedByPathQueryCost: 15ms
[2018-06-06T18:02:26.126] [INFO] default - handlerPromiseCost: 3952ms
[2018-06-06T18:02:26.127] [INFO] default - setSourceTargetCost: 0ms
[2018-06-06T18:02:26.128] [INFO] default - set the cache status: true
[2018-06-06T18:02:26.128] [INFO] default - from: 1014277388 to: 1014327430 queryCommonInvestedByPath_totalQueryCost: 7730ms
[2018-06-06T18:02:37.850] [INFO] default - 定时主动预热paths时间: 10时 0分
[2018-06-06T18:03:06.699] [INFO] default - queryCommonInvestedByPath  from: 1014277388, to: 1014327430
[2018-06-06T18:03:08.917] [INFO] default - can not get the cache key: 1014277388-InBound
[2018-06-06T18:03:09.003] [INFO] default - set the cache status: true
[2018-06-06T18:03:09.004] [INFO] default - can not get the cache key: 1014327430-OutBound
[2018-06-06T18:03:09.014] [INFO] default - set the cache status: true
[2018-06-06T18:03:09.014] [INFO] default - can not get the cache key: 5-match p= (from:company{ITCode2: 1014277388})<-[r1:invests|guarantees*..2]-()-[r2:invests|guarantees*..2]->(to:company{ITCode2: 1014327430}) return p
[2018-06-06T18:03:09.029] [INFO] default - from: 1014277388 to: 1014327430 CommonInvestedByPathQueryCost: 14ms
[2018-06-06T18:15:49.973] [INFO] default - 定时主动预热paths时间: 10时 0分
[2018-06-06T18:15:56.343] [INFO] default - queryCommonInvestedByPath  from: 1014277388, to: 1014327430
[2018-06-06T18:15:56.351] [INFO] default - can not get the cache key: 1014277388-InBound
[2018-06-06T18:15:56.413] [INFO] default - set the cache status: true
[2018-06-06T18:15:56.414] [INFO] default - can not get the cache key: 1014327430-OutBound
[2018-06-06T18:15:56.425] [INFO] default - set the cache status: true
[2018-06-06T18:15:56.426] [INFO] default - can not get the cache key: 5-match p= (from:company{ITCode2: 1014277388})<-[r1:invests|guarantees*..2]-()-[r2:invests|guarantees*..2]->(to:company{ITCode2: 1014327430}) return p
[2018-06-06T18:15:56.437] [INFO] default - from: 1014277388 to: 1014327430 CommonInvestedByPathQueryCost: 11ms
[2018-06-06T18:15:56.444] [INFO] default - handlerPromiseCost: 4ms
[2018-06-06T18:15:56.444] [INFO] default - setSourceTargetCost: 0ms
[2018-06-06T18:15:56.445] [INFO] default - set the cache status: true
[2018-06-06T18:15:56.445] [INFO] default - from: 1014277388 to: 1014327430 queryCommonInvestedByPath_totalQueryCost: 103ms
[2018-06-06T18:16:09.021] [INFO] default - 定时主动预热paths时间: 10时 0分
[2018-06-06T18:50:43.723] [INFO] default - 定时主动预热paths时间: 10时 0分
[2018-06-06T18:50:47.994] [INFO] default - queryCommonInvestedByPath  from: 1014277388, to: 1014327430
[2018-06-06T18:50:48.004] [INFO] default - can not get the cache key: 1014277388-InBound
[2018-06-06T18:50:48.079] [INFO] default - set the cache status: true
[2018-06-06T18:50:48.080] [INFO] default - can not get the cache key: 1014327430-OutBound
[2018-06-06T18:50:48.093] [INFO] default - set the cache status: true
[2018-06-06T18:50:48.093] [INFO] default - can not get the cache key: 5-match p= (from:company{ITCode2: 1014277388})<-[r1:invests|guarantees*..2]-()-[r2:invests|guarantees*..2]->(to:company{ITCode2: 1014327430}) return p
[2018-06-06T18:50:48.108] [INFO] default - from: 1014277388 to: 1014327430 CommonInvestedByPathQueryCost: 13ms
[2018-06-06T18:50:48.115] [INFO] default - handlerPromiseCost: 5ms
[2018-06-06T18:50:48.116] [INFO] default - setSourceTargetCost: 0ms
[2018-06-06T18:50:48.117] [INFO] default - set the cache status: true
[2018-06-06T18:50:48.117] [INFO] default - from: 1014277388 to: 1014327430 queryCommonInvestedByPath_totalQueryCost: 125ms
[2018-06-06T18:52:03.882] [INFO] default - 定时主动预热paths时间: 10时 0分
[2018-06-06T18:52:07.310] [INFO] default - queryCommonInvestedByPath  from: 1014277388, to: 1014327430
[2018-06-06T18:52:08.840] [INFO] default - can not get the cache key: 1014277388-InBound
[2018-06-06T18:52:08.924] [INFO] default - set the cache status: true
[2018-06-06T18:52:08.924] [INFO] default - can not get the cache key: 1014327430-OutBound
[2018-06-06T18:52:08.936] [INFO] default - set the cache status: true
[2018-06-06T18:52:08.938] [INFO] default - can not get the cache key: 5-match p= (from:company{ITCode2: 1014277388})<-[r1:invests|guarantees*..2]-()-[r2:invests|guarantees*..2]->(to:company{ITCode2: 1014327430}) return p
[2018-06-06T18:52:08.950] [INFO] default - from: 1014277388 to: 1014327430 CommonInvestedByPathQueryCost: 12ms
[2018-06-06T18:52:40.441] [INFO] default - 定时主动预热paths时间: 10时 0分
[2018-06-06T18:52:46.225] [INFO] default - queryCommonInvestedByPath  from: 1014277388, to: 1014327430
[2018-06-06T18:52:46.232] [INFO] default - can not get the cache key: 1014277388-InBound
[2018-06-06T18:52:46.295] [INFO] default - set the cache status: true
[2018-06-06T18:52:46.296] [INFO] default - can not get the cache key: 1014327430-OutBound
[2018-06-06T18:52:46.304] [INFO] default - set the cache status: true
[2018-06-06T18:52:46.305] [INFO] default - can not get the cache key: 5-match p= (from:company{ITCode2: 1014277388})<-[r1:invests|guarantees*..2]-()-[r2:invests|guarantees*..2]->(to:company{ITCode2: 1014327430}) return p
[2018-06-06T18:52:46.318] [INFO] default - from: 1014277388 to: 1014327430 CommonInvestedByPathQueryCost: 12ms
[2018-06-06T18:52:46.331] [INFO] default - queryNamesCost:  10ms
[2018-06-06T18:52:46.333] [INFO] default - handlerPromiseCost: 13ms
[2018-06-06T18:52:46.334] [INFO] default - setSourceTargetCost: 1ms
[2018-06-06T18:52:46.335] [INFO] default - set the cache status: true
[2018-06-06T18:52:46.336] [INFO] default - from: 1014277388 to: 1014327430 queryCommonInvestedByPath_totalQueryCost: 112ms
[2018-06-06T18:53:01.997] [INFO] default - queryCommonInvestPath  from: 1011809874, to: 1012045990
[2018-06-06T18:53:02.005] [INFO] default - can not get the cache key: 1011809874-OutBound
[2018-06-06T18:53:02.020] [INFO] default - set the cache status: true
[2018-06-06T18:53:02.021] [INFO] default - can not get the cache key: 1012045990-InBound
[2018-06-06T18:53:02.032] [INFO] default - set the cache status: true
[2018-06-06T18:53:02.033] [INFO] default - can not get the cache key: 4-match p= (from:company{ITCode2: 1011809874})-[r1:invests|guarantees*..2]->()<-[r2:invests|guarantees*..2]-(to:company{ITCode2: 1012045990}) return p
[2018-06-06T18:53:02.055] [INFO] default - from: 1011809874 to: 1012045990 CommonInvestPathQueryCost: 21ms
[2018-06-06T18:53:02.055] [INFO] default - from: 1011809874 to: 1012045990 CommonInvestPathQueryCost: 21ms
[2018-06-06T18:53:02.061] [INFO] default - handlerPromiseCost: 5ms
[2018-06-06T18:53:02.062] [INFO] default - setSourceTargetCost: 0ms
[2018-06-06T18:53:02.063] [INFO] default - set the cache status: true
[2018-06-06T18:53:02.063] [INFO] default - from: 1011809874 to: 1012045990 queryCommonInvestPath_totalQueryCost: 68ms
[2018-06-06T18:53:24.561] [INFO] default - 定时主动预热paths时间: 10时 0分
[2018-06-06T18:53:27.029] [INFO] default - queryCommonInvestPath  from: 1011809874, to: 1012045990
[2018-06-06T18:53:27.037] [INFO] default - can not get the cache key: 1011809874-OutBound
[2018-06-06T18:53:27.102] [INFO] default - set the cache status: true
[2018-06-06T18:53:27.103] [INFO] default - can not get the cache key: 1012045990-InBound
[2018-06-06T18:53:27.115] [INFO] default - set the cache status: true
[2018-06-06T18:53:27.115] [INFO] default - can not get the cache key: 4-match p= (from:company{ITCode2: 1011809874})-[r1:invests|guarantees*..2]->()<-[r2:invests|guarantees*..2]-(to:company{ITCode2: 1012045990}) return p
[2018-06-06T18:53:27.139] [INFO] default - from: 1011809874 to: 1012045990 CommonInvestPathQueryCost: 23ms
[2018-06-06T18:54:25.919] [INFO] default - 定时主动预热paths时间: 10时 0分
[2018-06-06T18:54:39.086] [INFO] default - queryCommonInvestPath  from: 1011975012, to: 1012425713
[2018-06-06T18:54:39.093] [INFO] default - can not get the cache key: 1011975012-OutBound
[2018-06-06T18:54:39.165] [INFO] default - set the cache status: true
[2018-06-06T18:54:39.166] [INFO] default - can not get the cache key: 1012425713-InBound
[2018-06-06T18:54:39.179] [INFO] default - set the cache status: true
[2018-06-06T18:54:39.180] [INFO] default - can not get the cache key: 4-match p= (from:company{ITCode2: 1011975012})-[r1:invests|guarantees*..2]->()<-[r2:invests|guarantees*..2]-(to:company{ITCode2: 1012425713}) return p
[2018-06-06T18:54:39.242] [INFO] default - from: 1011975012 to: 1012425713 CommonInvestPathQueryCost: 62ms
[2018-06-06T18:54:39.243] [INFO] default - from: 1011975012 to: 1012425713 CommonInvestPathQueryCost: 62ms
[2018-06-06T18:54:39.260] [INFO] default - queryNamesCost:  11ms
[2018-06-06T18:54:39.262] [INFO] default - handlerPromiseCost: 18ms
[2018-06-06T18:54:39.263] [INFO] default - setSourceTargetCost: 0ms
[2018-06-06T18:54:39.264] [INFO] default - set the cache status: true
[2018-06-06T18:54:39.264] [INFO] default - from: 1011975012 to: 1012425713 queryCommonInvestPath_totalQueryCost: 180ms
[2018-06-06T18:55:02.142] [INFO] default - queryInvestPath  from: 1012769556, to: 1005213985
[2018-06-06T18:55:02.151] [INFO] default - can not get the cache key: 1012769556-OutBound
[2018-06-06T18:55:02.165] [INFO] default - set the cache status: true
[2018-06-06T18:55:02.166] [INFO] default - can not get the cache key: 1005213985-InBound
[2018-06-06T18:55:02.178] [INFO] default - set the cache status: true
[2018-06-06T18:55:02.179] [INFO] default - can not get the cache key: match p= (from:company{ITCode2: 1012769556})-[r:invests|guarantees*..5]->(to:company{ITCode2: 1005213985}) return p
[2018-06-06T18:55:02.204] [INFO] default - from: 1012769556 to: 1005213985 InvestPathQueryCost: 24ms
[2018-06-06T18:55:02.229] [INFO] default - queryNamesCost:  8ms
[2018-06-06T18:55:02.231] [INFO] default - handlerPromiseCost: 26ms
[2018-06-06T18:55:02.231] [INFO] default - setSourceTargetCost: 0ms
[2018-06-06T18:55:02.232] [INFO] default - set the cache status: true
[2018-06-06T18:55:02.233] [INFO] default - from: 1012769556 to: 1005213985 queryInvestPath_totalQueryCost: 93ms
[2018-06-06T18:55:22.595] [INFO] default - queryInvestedByPath  from: 1011965887, to: 1012769556
[2018-06-06T18:55:22.603] [INFO] default - can not get the cache key: 1011965887-InBound
[2018-06-06T18:55:22.617] [INFO] default - set the cache status: true
[2018-06-06T18:55:22.618] [INFO] default - get the cache key: 1012769556-OutBound
[2018-06-06T18:55:22.620] [INFO] default - can not get the cache key: match p= (from:company{ITCode2: 1012769556})-[r:invests|guarantees*..5]->(to:company{ITCode2: 1011965887}) return p
[2018-06-06T18:55:22.660] [INFO] default - from: 1011965887 to: 1012769556 InvestedByPathQueryCost: 40ms
[2018-06-06T18:55:22.720] [INFO] default - queryNamesCost:  7ms
[2018-06-06T18:55:22.730] [INFO] default - queryNamesCost:  7ms
[2018-06-06T18:55:22.731] [INFO] default - handlerPromiseCost: 70ms
[2018-06-06T18:55:22.732] [INFO] default - setSourceTargetCost: 0ms
[2018-06-06T18:55:22.733] [INFO] default - set the cache status: true
[2018-06-06T18:55:22.733] [INFO] default - from: 1011965887 to: 1012769556 queryInvestedByPath_totalQueryCost: 140ms
[2018-06-06T18:55:32.387] [INFO] default - 定时主动预热paths时间: 10时 0分
[2018-06-06T18:55:36.163] [INFO] default - queryInvestedByPath  from: 1011965887, to: 1012769556
[2018-06-06T18:55:36.171] [INFO] default - can not get the cache key: 1011965887-InBound
[2018-06-06T18:55:36.343] [INFO] default - set the cache status: true
[2018-06-06T18:55:36.348] [INFO] default - can not get the cache key: 1012769556-OutBound
[2018-06-06T18:55:36.363] [INFO] default - set the cache status: true
[2018-06-06T18:55:36.364] [INFO] default - can not get the cache key: match p= (from:company{ITCode2: 1012769556})-[r:invests|guarantees*..5]->(to:company{ITCode2: 1011965887}) return p
[2018-06-06T18:55:36.400] [INFO] default - from: 1011965887 to: 1012769556 InvestedByPathQueryCost: 36ms
[2018-06-06T18:55:36.450] [INFO] default - queryNamesCost:  11ms
[2018-06-06T18:55:36.458] [INFO] default - queryNamesCost:  6ms
[2018-06-06T18:55:36.459] [INFO] default - handlerPromiseCost: 57ms
[2018-06-06T18:55:36.460] [INFO] default - setSourceTargetCost: 1ms
[2018-06-06T18:55:36.461] [INFO] default - set the cache status: true
[2018-06-06T18:55:36.461] [INFO] default - from: 1011965887 to: 1012769556 queryInvestedByPath_totalQueryCost: 300ms
[2018-06-06T18:57:09.654] [INFO] default - queryInvestPath  from: 1011975012, to: 1012425713
[2018-06-06T18:57:09.658] [INFO] default - can not get the cache key: match p= allShortestPaths((from:company{ITCode2: 1011975012})-[r:invests*]-(to:company{ITCode2: 1012425713})) where all(rel in r where rel.weight >= 0 and rel.weight <= 100) return p limit 10
[2018-06-06T18:57:09.675] [INFO] default - from: 1011975012 to: 1012425713 ShortestPathQueryCost: 16ms
[2018-06-06T18:57:09.689] [INFO] default - queryNamesCost:  8ms
[2018-06-06T18:57:09.690] [INFO] default - handlerPromiseCost: 13ms
[2018-06-06T18:57:09.690] [INFO] default - setSourceTargetCost: 0ms
[2018-06-06T18:57:09.691] [INFO] default - set the cache status: true
[2018-06-06T18:57:09.692] [INFO] default - from: 1011975012 to: 1012425713 queryShortestPath_totalQueryCost: 39ms
[2018-06-06T18:57:40.432] [INFO] default - queryCommonInvestPath  from: 1011975012, to: 1012425713
[2018-06-06T18:57:40.439] [INFO] default - can not get the cache key: 1011975012-OutBound
[2018-06-06T18:57:40.450] [INFO] default - set the cache status: true
[2018-06-06T18:57:40.451] [INFO] default - can not get the cache key: 1012425713-InBound
[2018-06-06T18:57:40.475] [INFO] default - set the cache status: true
[2018-06-06T18:57:40.475] [INFO] default - can not get the cache key: 4-match p= (from:company{ITCode2: 1011975012})-[r1:invests|guarantees*..2]->()<-[r2:invests|guarantees*..2]-(to:company{ITCode2: 1012425713}) return p
[2018-06-06T18:57:40.547] [INFO] default - from: 1011975012 to: 1012425713 CommonInvestPathQueryCost: 72ms
[2018-06-06T18:57:40.548] [INFO] default - from: 1011975012 to: 1012425713 CommonInvestPathQueryCost: 72ms
[2018-06-06T18:57:40.559] [INFO] default - queryNamesCost:  7ms
[2018-06-06T18:57:40.560] [INFO] default - handlerPromiseCost: 11ms
[2018-06-06T18:57:40.561] [INFO] default - setSourceTargetCost: 0ms
[2018-06-06T18:57:40.561] [INFO] default - set the cache status: true
[2018-06-06T18:57:40.562] [INFO] default - from: 1011975012 to: 1012425713 queryCommonInvestPath_totalQueryCost: 132ms
[2018-06-06T18:57:59.323] [INFO] default - queryCommonInvestedByPath  from: 1014277388, to: 1014327430
[2018-06-06T18:57:59.330] [INFO] default - can not get the cache key: 1014277388-InBound
[2018-06-06T18:57:59.340] [INFO] default - set the cache status: true
[2018-06-06T18:57:59.341] [INFO] default - can not get the cache key: 1014327430-OutBound
[2018-06-06T18:57:59.351] [INFO] default - set the cache status: true
[2018-06-06T18:57:59.352] [INFO] default - can not get the cache key: 5-match p= (from:company{ITCode2: 1014277388})<-[r1:invests|guarantees*..2]-()-[r2:invests|guarantees*..2]->(to:company{ITCode2: 1014327430}) return p
[2018-06-06T18:57:59.363] [INFO] default - from: 1014277388 to: 1014327430 CommonInvestedByPathQueryCost: 11ms
[2018-06-06T18:57:59.375] [INFO] default - queryNamesCost:  7ms
[2018-06-06T18:57:59.376] [INFO] default - handlerPromiseCost: 12ms
[2018-06-06T18:57:59.377] [INFO] default - setSourceTargetCost: 0ms
[2018-06-06T18:57:59.377] [INFO] default - set the cache status: true
[2018-06-06T18:57:59.378] [INFO] default - from: 1014277388 to: 1014327430 queryCommonInvestedByPath_totalQueryCost: 57ms
[2018-06-06T18:58:15.855] [INFO] default - queryCommonInvestPath  from: 1011975012, to: 1012425713
[2018-06-06T18:58:15.861] [INFO] default - get the cache key: 1011975012-OutBound
[2018-06-06T18:58:15.863] [INFO] default - get the cache key: 1012425713-InBound
[2018-06-06T18:58:15.864] [INFO] default - get the cache key: 4-match p= (from:company{ITCode2: 1011975012})-[r1:invests|guarantees*..2]->()<-[r2:invests|guarantees*..2]-(to:company{ITCode2: 1012425713}) return p
[2018-06-06T18:58:15.864] [INFO] default - from: 1011975012 to: 1012425713 queryCommonInvestPath_totalQueryCost: 10ms
[2018-06-06T19:01:08.548] [INFO] default - 定时主动预热paths时间: 10时 0分
[2018-06-06T19:01:23.714] [INFO] default - queryCommonInvestedByPath  from: 1014277388, to: 1014327430
[2018-06-06T19:01:23.724] [INFO] default - can not get the cache key: 1014277388-InBound
[2018-06-06T19:01:23.892] [INFO] default - set the cache status: true
[2018-06-06T19:01:23.895] [INFO] default - can not get the cache key: 1014327430-OutBound
[2018-06-06T19:01:23.918] [INFO] default - set the cache status: true
[2018-06-06T19:01:23.918] [INFO] default - can not get the cache key: 5-match p= (from:company{ITCode2: 1014277388})<-[r1:invests|guarantees*..2]-()-[r2:invests|guarantees*..2]->(to:company{ITCode2: 1014327430}) return p
[2018-06-06T19:01:24.034] [INFO] default - from: 1014277388 to: 1014327430 CommonInvestedByPathQueryCost: 116ms
[2018-06-06T19:01:24.046] [ERROR] default - TypeError: Cannot read property 'low' of undefined
    at handlerPromise (e:\NodeWorkspace\graphPath_search_terminal\graphSearch\searchGraph.js:425:110)
    at handlerNeo4jResult (e:\NodeWorkspace\graphPath_search_terminal\graphSearch\searchGraph.js:1132:31)
    at e:\NodeWorkspace\graphPath_search_terminal\graphSearch\searchGraph.js:2111:52
    at <anonymous>
    at process._tickDomainCallback (internal/process/next_tick.js:228:7)
[2018-06-06T19:04:40.781] [INFO] default - 定时主动预热paths时间: 10时 0分
[2018-06-06T19:04:53.162] [INFO] default - queryCommonInvestedByPath  from: 1014277388, to: 1014327430
[2018-06-06T19:04:55.681] [INFO] default - can not get the cache key: 1014277388-InBound
[2018-06-06T19:04:55.774] [INFO] default - set the cache status: true
[2018-06-06T19:04:55.775] [INFO] default - can not get the cache key: 1014327430-OutBound
[2018-06-06T19:04:55.786] [INFO] default - set the cache status: true
[2018-06-06T19:04:55.787] [INFO] default - can not get the cache key: 5-match p= (from:company{ITCode2: 1014277388})<-[r1:invests|guarantees*..2]-()-[r2:invests|guarantees*..2]->(to:company{ITCode2: 1014327430}) return p
[2018-06-06T19:04:55.800] [INFO] default - from: 1014277388 to: 1014327430 CommonInvestedByPathQueryCost: 13ms
[2018-06-07T08:01:32.265] [INFO] default - 定时主动预热paths时间: 10时 0分
[2018-06-07T08:01:42.414] [INFO] default - queryInvestedByPath  from: 1011965887, to: 1012769556
[2018-06-07T08:01:44.393] [INFO] default - can not get the cache key: 1011965887-InBound
[2018-06-07T08:01:45.446] [ERROR] default - { Neo4jError: connect ECONNREFUSED 10.10.17.10:7687

    at captureStacktrace (e:\NodeWorkspace\graphPath_search_terminal\node_modules\neo4j-driver\lib\v1\result.js:200:15)
    at new Result (e:\NodeWorkspace\graphPath_search_terminal\node_modules\neo4j-driver\lib\v1\result.js:73:19)
    at Session._run (e:\NodeWorkspace\graphPath_search_terminal\node_modules\neo4j-driver\lib\v1\session.js:122:14)
    at Session.run (e:\NodeWorkspace\graphPath_search_terminal\node_modules\neo4j-driver\lib\v1\session.js:101:19)
    at Promise (e:\NodeWorkspace\graphPath_search_terminal\graphSearch\searchGraph.js:145:37)
    at new Promise (<anonymous>)
    at getInBoundNodeNum (e:\NodeWorkspace\graphPath_search_terminal\graphSearch\searchGraph.js:141:12)
    at e:\NodeWorkspace\graphPath_search_terminal\graphSearch\searchGraph.js:1638:52
    at <anonymous> code: 'ServiceUnavailable', name: 'Neo4jError' }
[2018-06-07T08:01:45.463] [ERROR] default - { Neo4jError: connect ECONNREFUSED 10.10.17.10:7687

    at captureStacktrace (e:\NodeWorkspace\graphPath_search_terminal\node_modules\neo4j-driver\lib\v1\result.js:200:15)
    at new Result (e:\NodeWorkspace\graphPath_search_terminal\node_modules\neo4j-driver\lib\v1\result.js:73:19)
    at Session._run (e:\NodeWorkspace\graphPath_search_terminal\node_modules\neo4j-driver\lib\v1\session.js:122:14)
    at Session.run (e:\NodeWorkspace\graphPath_search_terminal\node_modules\neo4j-driver\lib\v1\session.js:101:19)
    at Promise (e:\NodeWorkspace\graphPath_search_terminal\graphSearch\searchGraph.js:145:37)
    at new Promise (<anonymous>)
    at getInBoundNodeNum (e:\NodeWorkspace\graphPath_search_terminal\graphSearch\searchGraph.js:141:12)
    at e:\NodeWorkspace\graphPath_search_terminal\graphSearch\searchGraph.js:1638:52
    at <anonymous> code: 'ServiceUnavailable', name: 'Neo4jError' }
[2018-06-07T08:02:05.519] [INFO] default - 定时主动预热paths时间: 10时 0分
[2018-06-07T08:02:26.284] [INFO] default - queryInvestedByPath  from: 1011965887, to: 1012769556
[2018-06-07T08:02:30.625] [INFO] default - can not get the cache key: 1011965887-InBound
[2018-06-07T08:02:30.702] [ERROR] default - { Neo4jError: The client is unauthorized due to authentication failure.

    at captureStacktrace (e:\NodeWorkspace\graphPath_search_terminal\node_modules\neo4j-driver\lib\v1\result.js:200:15)
    at new Result (e:\NodeWorkspace\graphPath_search_terminal\node_modules\neo4j-driver\lib\v1\result.js:73:19)
    at Session._run (e:\NodeWorkspace\graphPath_search_terminal\node_modules\neo4j-driver\lib\v1\session.js:122:14)
    at Session.run (e:\NodeWorkspace\graphPath_search_terminal\node_modules\neo4j-driver\lib\v1\session.js:101:19)
    at Promise (e:\NodeWorkspace\graphPath_search_terminal\graphSearch\searchGraph.js:145:37)
    at new Promise (<anonymous>)
    at getInBoundNodeNum (e:\NodeWorkspace\graphPath_search_terminal\graphSearch\searchGraph.js:141:12)
    at e:\NodeWorkspace\graphPath_search_terminal\graphSearch\searchGraph.js:1638:52
    at <anonymous>
  code: 'Neo.ClientError.Security.Unauthorized',
  name: 'Neo4jError' }
[2018-06-07T08:02:30.709] [ERROR] default - { Neo4jError: The client is unauthorized due to authentication failure.

    at captureStacktrace (e:\NodeWorkspace\graphPath_search_terminal\node_modules\neo4j-driver\lib\v1\result.js:200:15)
    at new Result (e:\NodeWorkspace\graphPath_search_terminal\node_modules\neo4j-driver\lib\v1\result.js:73:19)
    at Session._run (e:\NodeWorkspace\graphPath_search_terminal\node_modules\neo4j-driver\lib\v1\session.js:122:14)
    at Session.run (e:\NodeWorkspace\graphPath_search_terminal\node_modules\neo4j-driver\lib\v1\session.js:101:19)
    at Promise (e:\NodeWorkspace\graphPath_search_terminal\graphSearch\searchGraph.js:145:37)
    at new Promise (<anonymous>)
    at getInBoundNodeNum (e:\NodeWorkspace\graphPath_search_terminal\graphSearch\searchGraph.js:141:12)
    at e:\NodeWorkspace\graphPath_search_terminal\graphSearch\searchGraph.js:1638:52
    at <anonymous>
  code: 'Neo.ClientError.Security.Unauthorized',
  name: 'Neo4jError' }
[2018-06-07T08:02:53.129] [INFO] default - 定时主动预热paths时间: 10时 0分
[2018-06-07T08:02:56.926] [INFO] default - queryInvestedByPath  from: 1011965887, to: 1012769556
[2018-06-07T08:02:58.571] [INFO] default - can not get the cache key: 1011965887-InBound
[2018-06-07T08:02:58.658] [INFO] default - set the cache status: true
[2018-06-07T08:02:58.659] [INFO] default - can not get the cache key: 1012769556-OutBound
[2018-06-07T08:02:58.672] [INFO] default - set the cache status: true
[2018-06-07T08:02:58.673] [INFO] default - can not get the cache key: match p= (from:company{ITCode2: 1012769556})-[r:invests|guarantees*..5]->(to:company{ITCode2: 1011965887}) return p
[2018-06-07T08:03:01.252] [INFO] default - from: 1011965887 to: 1012769556 InvestedByPathQueryCost: 2579ms
[2018-06-07T08:16:14.385] [INFO] default - 定时主动预热paths时间: 10时 0分
[2018-06-07T08:16:18.849] [INFO] default - queryInvestedByPath  from: 1011965887, to: 1012769556
[2018-06-07T08:16:20.496] [INFO] default - can not get the cache key: 1011965887-InBound
[2018-06-07T08:16:20.580] [INFO] default - set the cache status: true
[2018-06-07T08:16:20.581] [INFO] default - can not get the cache key: 1012769556-OutBound
[2018-06-07T08:16:20.593] [INFO] default - set the cache status: true
[2018-06-07T08:16:20.593] [INFO] default - can not get the cache key: match p= (from:company{ITCode2: 1012769556})-[r:invests|guarantees*..5]->(to:company{ITCode2: 1011965887}) return p
[2018-06-07T08:16:20.630] [INFO] default - from: 1011965887 to: 1012769556 InvestedByPathQueryCost: 36ms
[2018-06-07T08:18:55.581] [INFO] default - 定时主动预热paths时间: 10时 0分
[2018-06-07T08:19:03.013] [INFO] default - queryInvestedByPath  from: 1011965887, to: 1012769556
[2018-06-07T08:19:04.762] [INFO] default - can not get the cache key: 1011965887-InBound
[2018-06-07T08:19:04.848] [INFO] default - set the cache status: true
[2018-06-07T08:19:04.849] [INFO] default - can not get the cache key: 1012769556-OutBound
[2018-06-07T08:19:04.860] [INFO] default - set the cache status: true
[2018-06-07T08:19:04.860] [INFO] default - can not get the cache key: match p= (from:company{ITCode2: 1012769556})-[r:invests|guarantees*..5]->(to:company{ITCode2: 1011965887}) return p
[2018-06-07T08:19:04.896] [INFO] default - from: 1011965887 to: 1012769556 InvestedByPathQueryCost: 35ms
[2018-06-07T08:21:22.883] [INFO] default - 定时主动预热paths时间: 10时 0分
[2018-06-07T08:21:51.840] [INFO] default - 定时主动预热paths时间: 10时 0分
[2018-06-07T08:22:02.760] [INFO] default - queryInvestedByPath  from: 1011965887, to: 1012769556
[2018-06-07T08:22:04.294] [INFO] default - can not get the cache key: 1011965887-InBound
[2018-06-07T08:22:04.367] [INFO] default - set the cache status: true
[2018-06-07T08:22:04.368] [INFO] default - can not get the cache key: 1012769556-OutBound
[2018-06-07T08:22:04.379] [INFO] default - set the cache status: true
[2018-06-07T08:22:04.379] [INFO] default - can not get the cache key: match p= (from:company{ITCode2: 1012769556})-[r:invests|guarantees*..5]->(to:company{ITCode2: 1011965887}) return p
[2018-06-07T08:22:04.418] [INFO] default - from: 1011965887 to: 1012769556 InvestedByPathQueryCost: 38ms
[2018-06-07T08:25:12.366] [INFO] default - queryNamesCost:  77ms
[2018-06-07T08:25:12.388] [INFO] default - queryNamesCost:  15ms
[2018-06-07T08:25:12.389] [INFO] default - handlerPromiseCost: 187970ms
[2018-06-07T08:25:12.390] [INFO] default - setSourceTargetCost: 1ms
[2018-06-07T08:25:12.392] [INFO] default - set the cache status: true
[2018-06-07T08:25:12.392] [INFO] default - from: 1011965887 to: 1012769556 queryInvestedByPath_totalQueryCost: 189633ms
[2018-06-07T08:25:25.860] [INFO] default - 定时主动预热paths时间: 10时 0分
[2018-06-07T08:25:37.964] [INFO] default - queryInvestedByPath  from: 1011965887, to: 1012769556
[2018-06-07T08:25:37.975] [INFO] default - can not get the cache key: 1011965887-InBound
[2018-06-07T08:25:38.042] [INFO] default - set the cache status: true
[2018-06-07T08:25:38.043] [INFO] default - can not get the cache key: 1012769556-OutBound
[2018-06-07T08:25:38.054] [INFO] default - set the cache status: true
[2018-06-07T08:25:38.055] [INFO] default - can not get the cache key: match p= (from:company{ITCode2: 1012769556})-[r:invests|guarantees*..5]->(to:company{ITCode2: 1011965887}) return p
[2018-06-07T08:25:38.086] [INFO] default - from: 1011965887 to: 1012769556 InvestedByPathQueryCost: 31ms
[2018-06-07T08:25:38.132] [INFO] default - queryNamesCost:  12ms
[2018-06-07T08:25:38.141] [INFO] default - queryNamesCost:  7ms
[2018-06-07T08:25:38.142] [INFO] default - handlerPromiseCost: 54ms
[2018-06-07T08:25:38.143] [INFO] default - setSourceTargetCost: 1ms
[2018-06-07T08:25:38.144] [INFO] default - set the cache status: true
[2018-06-07T08:25:38.144] [INFO] default - from: 1011965887 to: 1012769556 queryInvestedByPath_totalQueryCost: 181ms
[2018-06-07T08:26:17.422] [INFO] default - queryCommonInvestPath  from: 1011975012, to: 1012425713
[2018-06-07T08:26:17.430] [INFO] default - can not get the cache key: 1011975012-OutBound
[2018-06-07T08:26:17.440] [INFO] default - set the cache status: true
[2018-06-07T08:26:17.442] [INFO] default - can not get the cache key: 1012425713-InBound
[2018-06-07T08:26:17.451] [INFO] default - set the cache status: true
[2018-06-07T08:26:17.452] [INFO] default - can not get the cache key: 4-match p= (from:company{ITCode2: 1011975012})-[r1:invests|guarantees*..2]->()<-[r2:invests|guarantees*..2]-(to:company{ITCode2: 1012425713}) return p
[2018-06-07T08:26:17.505] [INFO] default - from: 1011975012 to: 1012425713 CommonInvestPathQueryCost: 53ms
[2018-06-07T08:26:17.505] [INFO] default - from: 1011975012 to: 1012425713 CommonInvestPathQueryCost: 53ms
[2018-06-07T08:26:17.513] [INFO] default - queryNamesCost:  6ms
[2018-06-07T08:26:17.515] [INFO] default - handlerPromiseCost: 9ms
[2018-06-07T08:26:17.516] [INFO] default - setSourceTargetCost: 0ms
[2018-06-07T08:26:17.516] [INFO] default - set the cache status: true
[2018-06-07T08:26:17.517] [INFO] default - from: 1011975012 to: 1012425713 queryCommonInvestPath_totalQueryCost: 96ms
[2018-06-07T08:26:41.897] [INFO] default - queryCommonInvestedByPath  from: 1011975012, to: 1012425713
[2018-06-07T08:26:41.906] [INFO] default - can not get the cache key: 1011975012-InBound
[2018-06-07T08:26:41.916] [INFO] default - set the cache status: true
[2018-06-07T08:26:41.918] [INFO] default - can not get the cache key: 1012425713-OutBound
[2018-06-07T08:26:41.930] [INFO] default - set the cache status: true
[2018-06-07T08:26:41.931] [INFO] default - can not get the cache key: 5-match p= (from:company{ITCode2: 1012425713})<-[r1:invests|guarantees*..2]-()-[r2:invests|guarantees*..2]->(to:company{ITCode2: 1011975012}) return p
[2018-06-07T08:26:42.213] [INFO] default - from: 1011975012 to: 1012425713 CommonInvestedByPathQueryCost: 281ms
[2018-06-07T08:26:42.233] [INFO] default - queryNamesCost:  7ms
[2018-06-07T08:26:42.242] [INFO] default - queryNamesCost:  7ms
[2018-06-07T08:26:42.243] [INFO] default - handlerPromiseCost: 29ms
[2018-06-07T08:26:42.244] [INFO] default - setSourceTargetCost: 0ms
[2018-06-07T08:26:42.245] [INFO] default - set the cache status: true
[2018-06-07T08:26:42.245] [INFO] default - from: 1011975012 to: 1012425713 queryCommonInvestedByPath_totalQueryCost: 350ms
[2018-06-07T08:27:22.130] [INFO] default - queryCommonInvestedByPath  from: 1031288656, to: 1011975012
[2018-06-07T08:27:22.137] [INFO] default - can not get the cache key: 1031288656-InBound
[2018-06-07T08:27:22.359] [INFO] default - set the cache status: true
[2018-06-07T08:27:22.361] [INFO] default - get the cache key: 1011975012-OutBound
[2018-06-07T08:27:22.363] [INFO] default - can not get the cache key: 5-match p= (from:company{ITCode2: 1011975012})<-[r1:invests|guarantees*..2]-()-[r2:invests|guarantees*..2]->(to:company{ITCode2: 1031288656}) return p
[2018-06-07T08:27:22.395] [INFO] default - from: 1031288656 to: 1011975012 CommonInvestedByPathQueryCost: 32ms
[2018-06-07T08:27:22.398] [INFO] default - handlerPromiseCost: 1ms
[2018-06-07T08:27:22.399] [INFO] default - setSourceTargetCost: 0ms
[2018-06-07T08:27:22.399] [INFO] default - set the cache status: true
[2018-06-07T08:27:22.399] [INFO] default - from: 1031288656 to: 1011975012 queryCommonInvestedByPath_totalQueryCost: 270ms
[2018-06-07T08:27:41.771] [INFO] default - queryInvestPath  from: 1012174898, to: 1012200773
[2018-06-07T08:27:41.775] [INFO] default - can not get the cache key: match p= allShortestPaths((from:company{ITCode2: 1012174898})-[r:invests|guarantees*]-(to:company{ITCode2: 1012200773})) return p limit 10
[2018-06-07T08:27:41.786] [INFO] default - from: 1012174898 to: 1012200773 ShortestPathQueryCost: 10ms
[2018-06-07T08:27:41.795] [INFO] default - queryNamesCost:  6ms
[2018-06-07T08:27:41.802] [INFO] default - queryNamesCost:  6ms
[2018-06-07T08:27:41.803] [INFO] default - handlerPromiseCost: 15ms
[2018-06-07T08:27:41.804] [INFO] default - setSourceTargetCost: 0ms
[2018-06-07T08:27:41.805] [INFO] default - set the cache status: true
[2018-06-07T08:27:41.805] [INFO] default - from: 1012174898 to: 1012200773 queryShortestPath_totalQueryCost: 36ms
[2018-06-07T08:28:09.574] [INFO] default - queryCommonInvestPath  from: 1031288656, to: 1011975012
[2018-06-07T08:28:09.580] [INFO] default - can not get the cache key: 1031288656-OutBound
[2018-06-07T08:28:09.591] [INFO] default - set the cache status: true
[2018-06-07T08:28:09.592] [INFO] default - get the cache key: 1011975012-InBound
[2018-06-07T08:28:09.593] [INFO] default - can not get the cache key: 4-match p= (from:company{ITCode2: 1031288656})-[r1:invests|guarantees*..2]->()<-[r2:invests|guarantees*..2]-(to:company{ITCode2: 1011975012}) return p
[2018-06-07T08:28:09.624] [INFO] default - from: 1031288656 to: 1011975012 CommonInvestPathQueryCost: 31ms
[2018-06-07T08:28:09.625] [INFO] default - from: 1031288656 to: 1011975012 CommonInvestPathQueryCost: 31ms
[2018-06-07T08:28:09.634] [INFO] default - queryNamesCost:  7ms
[2018-06-07T08:28:09.636] [INFO] default - handlerPromiseCost: 10ms
[2018-06-07T08:28:09.636] [INFO] default - setSourceTargetCost: 0ms
[2018-06-07T08:28:09.637] [INFO] default - set the cache status: true
[2018-06-07T08:28:09.637] [INFO] default - from: 1031288656 to: 1011975012 queryCommonInvestPath_totalQueryCost: 65ms
[2018-06-07T08:29:18.991] [INFO] default - queryInvestPath  from: 1012769556, to: 1005213985
[2018-06-07T08:29:18.999] [INFO] default - get the cache key: 1012769556-OutBound
[2018-06-07T08:29:19.000] [INFO] default - can not get the cache key: 1005213985-InBound
[2018-06-07T08:29:19.013] [INFO] default - set the cache status: true
[2018-06-07T08:29:19.014] [INFO] default - can not get the cache key: match p= (from:company{ITCode2: 1012769556})-[r:invests|guarantees*..5]->(to:company{ITCode2: 1005213985}) return p
[2018-06-07T08:29:19.033] [INFO] default - from: 1012769556 to: 1005213985 InvestPathQueryCost: 18ms
[2018-06-07T08:29:19.053] [INFO] default - queryNamesCost:  7ms
[2018-06-07T08:29:19.054] [INFO] default - handlerPromiseCost: 20ms
[2018-06-07T08:29:19.055] [INFO] default - setSourceTargetCost: 0ms
[2018-06-07T08:29:19.055] [INFO] default - set the cache status: true
[2018-06-07T08:29:19.056] [INFO] default - from: 1012769556 to: 1005213985 queryInvestPath_totalQueryCost: 66ms
[2018-06-07T08:29:25.865] [INFO] default - queryInvestedByPath  from: 1011965887, to: 1012769556
[2018-06-07T08:29:25.871] [INFO] default - get the cache key: 1011965887-InBound
[2018-06-07T08:29:25.873] [INFO] default - get the cache key: 1012769556-OutBound
[2018-06-07T08:29:25.875] [INFO] default - get the cache key: match p= (from:company{ITCode2: 1012769556})-[r:invests|guarantees*..5]->(to:company{ITCode2: 1011965887}) return p
[2018-06-07T08:29:25.875] [INFO] default - from: 1011965887 to: 1012769556 queryInvestedByPath_totalQueryCost: 12ms
[2018-06-07T08:29:35.429] [INFO] default - queryInvestPath  from: 1011975012, to: 1012425713
[2018-06-07T08:29:35.432] [INFO] default - can not get the cache key: match p= allShortestPaths((from:company{ITCode2: 1011975012})-[r:invests*]-(to:company{ITCode2: 1012425713})) where all(rel in r where rel.weight >= 0 and rel.weight <= 100) return p limit 10
[2018-06-07T08:29:35.448] [INFO] default - from: 1011975012 to: 1012425713 ShortestPathQueryCost: 15ms
[2018-06-07T08:29:35.459] [INFO] default - queryNamesCost:  7ms
[2018-06-07T08:29:35.461] [INFO] default - handlerPromiseCost: 11ms
[2018-06-07T08:29:35.462] [INFO] default - setSourceTargetCost: 0ms
[2018-06-07T08:29:35.463] [INFO] default - set the cache status: true
[2018-06-07T08:29:35.463] [INFO] default - from: 1011975012 to: 1012425713 queryShortestPath_totalQueryCost: 36ms
[2018-06-07T08:29:54.384] [INFO] default - queryCommonInvestedByPath  from: 1014277388, to: 1014327430
[2018-06-07T08:29:54.393] [INFO] default - can not get the cache key: 1014277388-InBound
[2018-06-07T08:29:54.402] [INFO] default - set the cache status: true
[2018-06-07T08:29:54.403] [INFO] default - can not get the cache key: 1014327430-OutBound
[2018-06-07T08:29:54.413] [INFO] default - set the cache status: true
[2018-06-07T08:29:54.415] [INFO] default - can not get the cache key: 5-match p= (from:company{ITCode2: 1014277388})<-[r1:invests|guarantees*..2]-()-[r2:invests|guarantees*..2]->(to:company{ITCode2: 1014327430}) return p
[2018-06-07T08:29:54.425] [INFO] default - from: 1014277388 to: 1014327430 CommonInvestedByPathQueryCost: 9ms
[2018-06-07T08:29:54.432] [INFO] default - queryNamesCost:  6ms
[2018-06-07T08:29:54.433] [INFO] default - handlerPromiseCost: 8ms
[2018-06-07T08:29:54.434] [INFO] default - setSourceTargetCost: 0ms
[2018-06-07T08:29:54.434] [INFO] default - set the cache status: true
[2018-06-07T08:29:54.434] [INFO] default - from: 1014277388 to: 1014327430 queryCommonInvestedByPath_totalQueryCost: 52ms
[2018-06-07T08:30:13.433] [INFO] default - queryCommonInvestPath  from: 1011975012, to: 1012425713
[2018-06-07T08:30:13.441] [INFO] default - get the cache key: 1011975012-OutBound
[2018-06-07T08:30:13.442] [INFO] default - get the cache key: 1012425713-InBound
[2018-06-07T08:30:13.443] [INFO] default - get the cache key: 4-match p= (from:company{ITCode2: 1011975012})-[r1:invests|guarantees*..2]->()<-[r2:invests|guarantees*..2]-(to:company{ITCode2: 1012425713}) return p
[2018-06-07T08:30:13.443] [INFO] default - from: 1011975012 to: 1012425713 queryCommonInvestPath_totalQueryCost: 11ms
[2018-06-07T08:30:29.087] [INFO] default - queryCommonInvestedByPath  from: 1014277388, to: 1014327430
[2018-06-07T08:30:29.095] [INFO] default - get the cache key: 1014277388-InBound
[2018-06-07T08:30:29.097] [INFO] default - get the cache key: 1014327430-OutBound
[2018-06-07T08:30:29.107] [INFO] default - set the cache status: true
[2018-06-07T08:30:29.108] [INFO] default - get the cache key: 5-match p= (from:company{ITCode2: 1014277388})<-[r1:invests|guarantees*..2]-()-[r2:invests|guarantees*..2]->(to:company{ITCode2: 1014327430}) return p
[2018-06-07T08:30:29.108] [INFO] default - from: 1014277388 to: 1014327430 queryCommonInvestedByPath_totalQueryCost: 22ms
[2018-06-07T08:30:49.218] [INFO] default - queryCommonInvestPath  from: 1011809874, to: 1012045990
[2018-06-07T08:30:49.225] [INFO] default - can not get the cache key: 1011809874-OutBound
[2018-06-07T08:30:49.238] [INFO] default - set the cache status: true
[2018-06-07T08:30:49.239] [INFO] default - can not get the cache key: 1012045990-InBound
[2018-06-07T08:30:49.252] [INFO] default - set the cache status: true
[2018-06-07T08:30:49.253] [INFO] default - can not get the cache key: 4-match p= (from:company{ITCode2: 1011809874})-[r1:invests|guarantees*..2]->()<-[r2:invests|guarantees*..2]-(to:company{ITCode2: 1012045990}) return p
[2018-06-07T08:30:49.280] [INFO] default - from: 1011809874 to: 1012045990 CommonInvestPathQueryCost: 27ms
[2018-06-07T08:30:49.281] [INFO] default - from: 1011809874 to: 1012045990 CommonInvestPathQueryCost: 27ms
[2018-06-07T08:30:49.285] [INFO] default - handlerPromiseCost: 4ms
[2018-06-07T08:30:49.286] [INFO] default - setSourceTargetCost: 0ms
[2018-06-07T08:30:49.286] [INFO] default - set the cache status: true
[2018-06-07T08:30:49.287] [INFO] default - from: 1011809874 to: 1012045990 queryCommonInvestPath_totalQueryCost: 69ms
[2018-06-07T14:14:18.805] [INFO] default - 定时主动预热paths时间: 10时 0分
[2018-06-07T14:14:50.159] [INFO] default - queryInvestPath  from: 1012174898, to: 1012200773
[2018-06-07T14:14:50.162] [INFO] default - can not get the cache key: match p= allShortestPaths((from:company{ITCode2: 1012174898})-[r:invests|guarantees*]-(to:company{ITCode2: 1012200773})) return p limit 10
[2018-06-07T14:14:51.062] [INFO] default - from: 1012174898 to: 1012200773 ShortestPathQueryCost: 898ms
[2018-06-07T14:14:51.078] [INFO] default - queryNamesCost:  10ms
[2018-06-07T14:14:51.088] [INFO] default - queryNamesCost:  7ms
[2018-06-07T14:14:51.089] [INFO] default - handlerPromiseCost: 25ms
[2018-06-07T14:14:51.091] [INFO] default - setSourceTargetCost: 1ms
[2018-06-07T14:14:51.092] [INFO] default - set the cache status: true
[2018-06-07T14:14:51.093] [INFO] default - from: 1012174898 to: 1012200773 queryShortestPath_totalQueryCost: 936ms
